15:16:36 INFO: Program aff_life has started
aff_life.py, main, line 83
15:16:36 ERROR: Unexpected error
aff_life.py, main, line 97
Traceback (most recent call last):
  File "/home/lucas/coding/42/python-for-data-science/pyven-python-for-data-science/lib/python3.10/site-packages/pandas/core/indexes/base.py", line 3812, in get_loc
    return self._engine.get_loc(casted_key)
  File "pandas/_libs/index.pyx", line 167, in pandas._libs.index.IndexEngine.get_loc
  File "pandas/_libs/index.pyx", line 196, in pandas._libs.index.IndexEngine.get_loc
  File "pandas/_libs/hashtable_class_helper.pxi", line 7088, in pandas._libs.hashtable.PyObjectHashTable.get_item
  File "pandas/_libs/hashtable_class_helper.pxi", line 7096, in pandas._libs.hashtable.PyObjectHashTable.get_item
KeyError: 'France'

The above exception was the direct cause of the following exception:

Traceback (most recent call last):
  File "/home/lucas/coding/42/python-for-data-science/2-data-table/ex01/aff_life.py", line 88, in main
    df.plot(x="France")
  File "/home/lucas/coding/42/python-for-data-science/pyven-python-for-data-science/lib/python3.10/site-packages/pandas/plotting/_core.py", line 995, in __call__
    elif not isinstance(data[x], ABCSeries):
  File "/home/lucas/coding/42/python-for-data-science/pyven-python-for-data-science/lib/python3.10/site-packages/pandas/core/frame.py", line 4113, in __getitem__
    indexer = self.columns.get_loc(key)
  File "/home/lucas/coding/42/python-for-data-science/pyven-python-for-data-science/lib/python3.10/site-packages/pandas/core/indexes/base.py", line 3819, in get_loc
    raise KeyError(key) from err
KeyError: 'France'
